<?xml version="1.0" encoding="UTF-8"?>
<!-- Generated by org.testng.reporters.JUnitXMLReporter -->
<testsuite hostname="TYSS-TR-0022" ignored="0" name="Default test" tests="3" failures="0" timestamp="24 Apr 2018 10:38:30 GMT" time="0.113" errors="0">
  <testcase name="createTest" time="0.034" classname="com.crm.customer.CustomerTest"/>
  <testcase name="deleteCustomer" time="0.0" classname="com.crm.customer.CustomerTest"/>
  <testcase name="searchCustomer" time="0.0" classname="com.crm.customer.CustomerTest"/>
</testsuite> <!-- Default test -->
